Werkzeug appears to be used in a production deployment. Consider switching to a production web server instead.
 * Serving Flask app 'app'
 * Debug mode: on
[31m[1mWARNING: This is a development server. Do not use it in a production deployment. Use a production WSGI server instead.[0m
 * Running on all addresses (0.0.0.0)
 * Running on http://127.0.0.1:5000
 * Running on http://192.168.100.53:5000
[33mPress CTRL+C to quit[0m
[2026-07-05 23:39:15,215] INFO in mqtt_in: MQTT conectado (rc=0), suscrito a envasadora/ENV01/#
[2026-07-05 23:39:15,399] DEBUG in mqtt_in: MQTT envasadora/ENV01/estado: b'{"fsm":"DOSIFICANDO","lote":"L-0001","unidad":0,"rechazos":0,"tam_lote":50,"producto":"mani","presentacion_gr":25}'
[2026-07-05 23:39:28,932] DEBUG in mqtt_in: MQTT envasadora/ENV01/peso: b'{"g":0.06,"ts":8276}'
[2026-07-05 23:39:30,155] DEBUG in mqtt_in: MQTT envasadora/ENV01/peso: b'{"g":0.07,"ts":8782}'
[2026-07-05 23:39:31,353] DEBUG in mqtt_in: MQTT envasadora/ENV01/peso: b'{"g":0.03,"ts":9284}'
127.0.0.1 - - [05/Jul/2026 23:39:31] "[32mPOST /login HTTP/1.1[0m" 302 -
127.0.0.1 - - [05/Jul/2026 23:39:32] "[32mPOST /ordenes/crear HTTP/1.1[0m" 302 -
127.0.0.1 - - [05/Jul/2026 23:39:32] "[32mPOST /ordenes/1/iniciar HTTP/1.1[0m" 302 -
[2026-07-05 23:39:32,212] DEBUG in mqtt_in: MQTT envasadora/ENV01/cmd: b'{"accion": "iniciar", "producto": "Man\\u00ed", "presentacion_gr": 25, "tam_lote": 50, "lote": "L-0001"}'
[2026-07-05 23:39:32,691] DEBUG in mqtt_in: MQTT envasadora/ENV01/estado: b'{"fsm":"ESPERA","lote":"L-0001","unidad":0,"rechazos":0,"tam_lote":50,"producto":"Man\xc3\xad","presentacion_gr":25}'
[2026-07-05 23:39:32,803] DEBUG in mqtt_in: MQTT envasadora/ENV01/estado: b'{"fsm":"DOSIFICANDO","lote":"L-0001","unidad":0,"rechazos":0,"tam_lote":50,"producto":"Man\xc3\xad","presentacion_gr":25}'
[2026-07-05 23:39:32,803] DEBUG in mqtt_in: MQTT envasadora/ENV01/peso: b'{"g":0.64,"ts":9801}'
[2026-07-05 23:39:33,847] DEBUG in mqtt_in: MQTT envasadora/ENV01/peso: b'{"g":7.68,"ts":10304}'
[2026-07-05 23:39:35,224] DEBUG in mqtt_in: MQTT envasadora/ENV01/peso: b'{"g":14.71,"ts":10810}'
[2026-07-05 23:39:36,320] DEBUG in mqtt_in: MQTT envasadora/ENV01/peso: b'{"g":21.36,"ts":11313}'
[2026-07-05 23:39:37,720] DEBUG in mqtt_in: MQTT envasadora/ENV01/peso: b'{"g":25.17,"ts":11819}'
[2026-07-05 23:39:38,283] DEBUG in mqtt_in: MQTT envasadora/ENV01/unidad: b'{"lote":"L-0001","n":1,"peso":25.17,"ok":true,"producto":"Man\xc3\xad","presentacion_gr":25}'
[2026-07-05 23:39:38,765] DEBUG in mqtt_in: MQTT envasadora/ENV01/peso: b'{"g":0.03,"ts":12323}'
[2026-07-05 23:39:41,255] DEBUG in mqtt_in: MQTT envasadora/ENV01/peso: b'{"g":4.68,"ts":12829}'
[2026-07-05 23:39:41,358] DEBUG in mqtt_in: MQTT envasadora/ENV01/peso: b'{"g":11.60,"ts":13336}'
[2026-07-05 23:39:42,718] DEBUG in mqtt_in: MQTT envasadora/ENV01/peso: b'{"g":18.56,"ts":13838}'
[2026-07-05 23:39:43,816] DEBUG in mqtt_in: MQTT envasadora/ENV01/peso: b'{"g":25.07,"ts":14345}'
[2026-07-05 23:39:44,844] DEBUG in mqtt_in: MQTT envasadora/ENV01/unidad: b'{"lote":"L-0001","n":2,"peso":25.45,"ok":true,"producto":"Man\xc3\xad","presentacion_gr":25}'
[2026-07-05 23:39:45,314] DEBUG in mqtt_in: MQTT envasadora/ENV01/peso: b'{"g":0.05,"ts":14849}'
[2026-07-05 23:39:46,533] DEBUG in mqtt_in: MQTT envasadora/ENV01/peso: b'{"g":1.47,"ts":15356}'
[2026-07-05 23:39:48,044] DEBUG in mqtt_in: MQTT envasadora/ENV01/peso: b'{"g":8.47,"ts":15858}'
[2026-07-05 23:39:49,230] DEBUG in mqtt_in: MQTT envasadora/ENV01/peso: b'{"g":15.57,"ts":16365}'
[2026-07-05 23:39:50,468] DEBUG in mqtt_in: MQTT envasadora/ENV01/peso: b'{"g":22.42,"ts":16867}'
[2026-07-05 23:39:51,639] DEBUG in mqtt_in: MQTT envasadora/ENV01/peso: b'{"g":24.86,"ts":17374}'
[2026-07-05 23:39:51,893] DEBUG in mqtt_in: MQTT envasadora/ENV01/unidad: b'{"lote":"L-0001","n":3,"peso":24.86,"ok":true,"producto":"Man\xc3\xad","presentacion_gr":25}'
[2026-07-05 23:39:52,878] DEBUG in mqtt_in: MQTT envasadora/ENV01/peso: b'{"g":0.04,"ts":17882}'
[2026-07-05 23:39:54,133] DEBUG in mqtt_in: MQTT envasadora/ENV01/peso: b'{"g":6.09,"ts":18388}'
[2026-07-05 23:39:55,276] DEBUG in mqtt_in: MQTT envasadora/ENV01/peso: b'{"g":13.18,"ts":18890}'
[2026-07-05 23:39:56,622] DEBUG in mqtt_in: MQTT envasadora/ENV01/peso: b'{"g":20.50,"ts":19396}'
[2026-07-05 23:39:57,752] DEBUG in mqtt_in: MQTT envasadora/ENV01/peso: b'{"g":25.21,"ts":19898}'
[2026-07-05 23:39:58,420] DEBUG in mqtt_in: MQTT envasadora/ENV01/unidad: b'{"lote":"L-0001","n":4,"peso":25.17,"ok":true,"producto":"Man\xc3\xad","presentacion_gr":25}'
[2026-07-05 23:39:59,172] DEBUG in mqtt_in: MQTT envasadora/ENV01/peso: b'{"g":0.06,"ts":20407}'
[2026-07-05 23:40:00,286] DEBUG in mqtt_in: MQTT envasadora/ENV01/peso: b'{"g":3.40,"ts":20909}'
[2026-07-05 23:40:01,657] DEBUG in mqtt_in: MQTT envasadora/ENV01/peso: b'{"g":10.30,"ts":21415}'
[2026-07-05 23:40:02,717] DEBUG in mqtt_in: MQTT envasadora/ENV01/peso: b'{"g":17.25,"ts":21917}'
[2026-07-05 23:40:04,144] DEBUG in mqtt_in: MQTT envasadora/ENV01/peso: b'{"g":24.52,"ts":22423}'
[2026-07-05 23:40:05,185] DEBUG in mqtt_in: MQTT envasadora/ENV01/unidad: b'{"lote":"L-0001","n":5,"peso":25.12,"ok":true,"producto":"Man\xc3\xad","presentacion_gr":25}'
[2026-07-05 23:40:05,338] DEBUG in mqtt_in: MQTT envasadora/ENV01/peso: b'{"g":0.02,"ts":22937}'
[2026-07-05 23:40:06,766] DEBUG in mqtt_in: MQTT envasadora/ENV01/peso: b'{"g":1.59,"ts":23439}'
[2026-07-05 23:40:07,941] DEBUG in mqtt_in: MQTT envasadora/ENV01/peso: b'{"g":8.63,"ts":23946}'
[2026-07-05 23:40:09,430] DEBUG in mqtt_in: MQTT envasadora/ENV01/peso: b'{"g":15.62,"ts":24448}'
[2026-07-05 23:40:10,616] DEBUG in mqtt_in: MQTT envasadora/ENV01/peso: b'{"g":22.44,"ts":24957}'
[2026-07-05 23:40:11,916] DEBUG in mqtt_in: MQTT envasadora/ENV01/peso: b'{"g":25.01,"ts":25459}'
[2026-07-05 23:40:12,166] DEBUG in mqtt_in: MQTT envasadora/ENV01/unidad: b'{"lote":"L-0001","n":6,"peso":25.02,"ok":true,"producto":"Man\xc3\xad","presentacion_gr":25}'
[2026-07-05 23:40:13,184] DEBUG in mqtt_in: MQTT envasadora/ENV01/peso: b'{"g":0.09,"ts":25968}'
[2026-07-05 23:40:14,478] DEBUG in mqtt_in: MQTT envasadora/ENV01/peso: b'{"g":5.80,"ts":26470}'
[2026-07-05 23:40:15,643] DEBUG in mqtt_in: MQTT envasadora/ENV01/peso: b'{"g":12.84,"ts":26977}'
[2026-07-05 23:40:16,872] DEBUG in mqtt_in: MQTT envasadora/ENV01/peso: b'{"g":20.42,"ts":27479}'
[2026-07-05 23:40:18,135] DEBUG in mqtt_in: MQTT envasadora/ENV01/peso: b'{"g":25.26,"ts":27985}'
[2026-07-05 23:40:18,765] DEBUG in mqtt_in: MQTT envasadora/ENV01/unidad: b'{"lote":"L-0001","n":7,"peso":25.34,"ok":true,"producto":"Man\xc3\xad","presentacion_gr":25}'
[2026-07-05 23:40:19,286] DEBUG in mqtt_in: MQTT envasadora/ENV01/peso: b'{"g":0.03,"ts":28494}'
[2026-07-05 23:40:20,646] DEBUG in mqtt_in: MQTT envasadora/ENV01/peso: b'{"g":3.50,"ts":29001}'
[2026-07-05 23:40:21,789] DEBUG in mqtt_in: MQTT envasadora/ENV01/peso: b'{"g":10.23,"ts":29503}'
[2026-07-05 23:40:23,155] DEBUG in mqtt_in: MQTT envasadora/ENV01/peso: b'{"g":17.38,"ts":30009}'
[2026-07-05 23:40:24,290] DEBUG in mqtt_in: MQTT envasadora/ENV01/peso: b'{"g":24.48,"ts":30511}'
[2026-07-05 23:40:25,839] DEBUG in mqtt_in: MQTT envasadora/ENV01/unidad: b'{"lote":"L-0001","n":8,"peso":25.18,"ok":true,"producto":"Man\xc3\xad","presentacion_gr":25}'
[2026-07-05 23:40:25,869] DEBUG in mqtt_in: MQTT envasadora/ENV01/peso: b'{"g":0.05,"ts":31019}'
[2026-07-05 23:40:26,845] DEBUG in mqtt_in: MQTT envasadora/ENV01/peso: b'{"g":0.64,"ts":31524}'
[2026-07-05 23:40:28,224] DEBUG in mqtt_in: MQTT envasadora/ENV01/peso: b'{"g":8.23,"ts":32031}'
[2026-07-05 23:40:29,308] DEBUG in mqtt_in: MQTT envasadora/ENV01/peso: b'{"g":15.21,"ts":32537}'
[2026-07-05 23:40:30,818] DEBUG in mqtt_in: MQTT envasadora/ENV01/peso: b'{"g":22.24,"ts":33040}'
[2026-07-05 23:40:31,985] DEBUG in mqtt_in: MQTT envasadora/ENV01/peso: b'{"g":25.46,"ts":33547}'
[2026-07-05 23:40:32,419] DEBUG in mqtt_in: MQTT envasadora/ENV01/unidad: b'{"lote":"L-0001","n":9,"peso":25.42,"ok":true,"producto":"Man\xc3\xad","presentacion_gr":25}'
[2026-07-05 23:40:33,356] DEBUG in mqtt_in: MQTT envasadora/ENV01/peso: b'{"g":0.04,"ts":34056}'
[2026-07-05 23:40:34,532] DEBUG in mqtt_in: MQTT envasadora/ENV01/peso: b'{"g":5.11,"ts":34563}'
[2026-07-05 23:40:35,772] DEBUG in mqtt_in: MQTT envasadora/ENV01/peso: b'{"g":12.20,"ts":35065}'
[2026-07-05 23:40:37,027] DEBUG in mqtt_in: MQTT envasadora/ENV01/peso: b'{"g":19.07,"ts":35572}'
[2026-07-05 23:40:38,224] DEBUG in mqtt_in: MQTT envasadora/ENV01/peso: b'{"g":25.05,"ts":36074}'
[2026-07-05 23:40:39,049] DEBUG in mqtt_in: MQTT envasadora/ENV01/unidad: b'{"lote":"L-0001","n":10,"peso":24.98,"ok":true,"producto":"Man\xc3\xad","presentacion_gr":25}'
[2026-07-05 23:40:39,457] DEBUG in mqtt_in: MQTT envasadora/ENV01/peso: b'{"g":0.06,"ts":36583}'
[2026-07-05 23:40:40,665] DEBUG in mqtt_in: MQTT envasadora/ENV01/peso: b'{"g":2.89,"ts":37085}'
[2026-07-05 23:40:41,935] DEBUG in mqtt_in: MQTT envasadora/ENV01/peso: b'{"g":10.01,"ts":37591}'
[2026-07-05 23:40:43,067] DEBUG in mqtt_in: MQTT envasadora/ENV01/peso: b'{"g":16.85,"ts":38093}'
[2026-07-05 23:40:44,330] DEBUG in mqtt_in: MQTT envasadora/ENV01/peso: b'{"g":23.79,"ts":38600}'
[2026-07-05 23:40:45,425] DEBUG in mqtt_in: MQTT envasadora/ENV01/unidad: b'{"lote":"L-0001","n":11,"peso":24.82,"ok":true,"producto":"Man\xc3\xad","presentacion_gr":25}'
[2026-07-05 23:40:45,538] DEBUG in mqtt_in: MQTT envasadora/ENV01/peso: b'{"g":0.02,"ts":39109}'
[2026-07-05 23:40:46,782] DEBUG in mqtt_in: MQTT envasadora/ENV01/peso: b'{"g":0.02,"ts":39613}'
[2026-07-05 23:40:47,858] DEBUG in mqtt_in: MQTT envasadora/ENV01/peso: b'{"g":6.93,"ts":40120}'
[2026-07-05 23:40:49,223] DEBUG in mqtt_in: MQTT envasadora/ENV01/peso: b'{"g":14.13,"ts":40627}'
[2026-07-05 23:40:50,293] DEBUG in mqtt_in: MQTT envasadora/ENV01/peso: b'{"g":21.63,"ts":41133}'
[2026-07-05 23:40:51,647] DEBUG in mqtt_in: MQTT envasadora/ENV01/peso: b'{"g":25.03,"ts":41635}'
[2026-07-05 23:40:52,170] DEBUG in mqtt_in: MQTT envasadora/ENV01/unidad: b'{"lote":"L-0001","n":12,"peso":25.01,"ok":true,"producto":"Man\xc3\xad","presentacion_gr":25}'
[2026-07-05 23:40:52,991] DEBUG in mqtt_in: MQTT envasadora/ENV01/peso: b'{"g":0.09,"ts":42145}'
[2026-07-05 23:40:54,246] DEBUG in mqtt_in: MQTT envasadora/ENV01/peso: b'{"g":4.99,"ts":42647}'
[2026-07-05 23:40:55,290] DEBUG in mqtt_in: MQTT envasadora/ENV01/peso: b'{"g":11.88,"ts":43154}'
[2026-07-05 23:40:56,638] DEBUG in mqtt_in: MQTT envasadora/ENV01/peso: b'{"g":18.93,"ts":43656}'
[2026-07-05 23:40:57,778] DEBUG in mqtt_in: MQTT envasadora/ENV01/peso: b'{"g":25.19,"ts":44163}'
[2026-07-05 23:40:58,590] DEBUG in mqtt_in: MQTT envasadora/ENV01/unidad: b'{"lote":"L-0001","n":13,"peso":25.26,"ok":true,"producto":"Man\xc3\xad","presentacion_gr":25}'
[2026-07-05 23:40:59,037] DEBUG in mqtt_in: MQTT envasadora/ENV01/peso: b'{"g":0.08,"ts":44671}'
[2026-07-05 23:41:00,250] DEBUG in mqtt_in: MQTT envasadora/ENV01/peso: b'{"g":2.06,"ts":45178}'
[2026-07-05 23:41:01,449] DEBUG in mqtt_in: MQTT envasadora/ENV01/peso: b'{"g":9.55,"ts":45680}'
